<?xml version="1.0" encoding="UTF-8"?>
<!-- Generated by org.testng.reporters.JUnitReportReporter -->
<testsuite hostname="Tonnies-MBP" failures="0" tests="2" name="TestRunner" time="19.601" errors="0" timestamp="2022-11-29T17:50:41 EST" skipped="0">
  <testcase classname="TestRunner" name="runScenario" time="8.458"/>
  <system-out/>
  <testcase classname="TestRunner" name="runScenario" time="11.143"/>
  <system-out/>
</testsuite> <!-- TestRunner -->
